{"/Users/tatianamillsap/Desktop/Developer/WDV4416/WDV4416/creditcard.js": {"path":"/Users/tatianamillsap/Desktop/Developer/WDV4416/WDV4416/creditcard.js","statementMap":{"0":{"start":{"line":1,"column":26},"end":{"line":10,"column":1}},"1":{"start":{"line":2,"column":27},"end":{"line":2,"column":54}},"2":{"start":{"line":3,"column":4},"end":{"line":9,"column":5}},"3":{"start":{"line":4,"column":29},"end":{"line":4,"column":80}},"4":{"start":{"line":5,"column":24},"end":{"line":5,"column":63}},"5":{"start":{"line":6,"column":8},"end":{"line":6,"column":42}},"6":{"start":{"line":8,"column":8},"end":{"line":8,"column":57}},"7":{"start":{"line":12,"column":0},"end":{"line":12,"column":35}}},"fnMap":{"0":{"name":"(anonymous_0)","decl":{"start":{"line":1,"column":26},"end":{"line":1,"column":27}},"loc":{"start":{"line":1,"column":48},"end":{"line":10,"column":1}},"line":1}},"branchMap":{"0":{"loc":{"start":{"line":3,"column":4},"end":{"line":9,"column":5}},"type":"if","locations":[{"start":{"line":3,"column":4},"end":{"line":9,"column":5}},{"start":{"line":7,"column":11},"end":{"line":9,"column":5}}],"line":3},"1":{"loc":{"start":{"line":3,"column":8},"end":{"line":3,"column":70}},"type":"binary-expr","locations":[{"start":{"line":3,"column":8},"end":{"line":3,"column":37}},{"start":{"line":3,"column":41},"end":{"line":3,"column":70}}],"line":3}},"s":{"0":1,"1":1,"2":1,"3":1,"4":1,"5":1,"6":0,"7":1},"f":{"0":1},"b":{"0":[1,0],"1":[1,1]},"_coverageSchema":"1a1c01bbd47fc00a2c39e90264f33305004495a9","hash":"2c2c9f7bd548f3f09e9bc4e83957edfe988d89bf"}
}
